<?xml version="1.0" encoding="UTF-8"?>
<robot generator="Robot 3.2.1 (Python 3.7.0 on win32)" generated="20230829 16:06:54.883" rpa="false">
<suite id="s1" name="TC4 Déconnecter Utilisateur" source="d:\AutomationExercice_VS\Suite_de_test\Déconnecter_Utilisateur\TC4_Déconnecter_Utilisateur.robot">
<test id="s1-t1" name="deconnexion utilisateur">
<kw name="Lancer le navigateur" library="Fuction_Global">
<kw name="Open Browser" library="Selenium2Library">
<doc>Opens a new browser instance to the given ``url``.</doc>
<arguments>
<arg>about:blank</arg>
<arg>gc</arg>
</arguments>
<msg timestamp="20230829 16:06:56.120" level="INFO">Opening browser 'gc' to base url 'about:blank'.</msg>
<status status="PASS" starttime="20230829 16:06:56.118" endtime="20230829 16:06:59.559"></status>
</kw>
<kw name="Maximize Browser Window" library="Selenium2Library">
<doc>Maximizes current browser window.</doc>
<status status="PASS" starttime="20230829 16:06:59.560" endtime="20230829 16:06:59.836"></status>
</kw>
<status status="PASS" starttime="20230829 16:06:56.117" endtime="20230829 16:06:59.839"></status>
</kw>
<kw name="Accédez à l'URL 'http://automationexercise.com'" library="Fuction_Global">
<kw name="Go To" library="Selenium2Library">
<doc>Navigates the active browser instance to the provided ``url``.</doc>
<arguments>
<arg>${url_site}</arg>
</arguments>
<msg timestamp="20230829 16:06:59.849" level="INFO">Opening url 'http://automationexercise.com'</msg>
<status status="PASS" starttime="20230829 16:06:59.848" endtime="20230829 16:08:02.906"></status>
</kw>
<status status="PASS" starttime="20230829 16:06:59.847" endtime="20230829 16:08:02.907"></status>
</kw>
<kw name="Vérifiez que la page d'accueil est visible avec succès" library="Fuction_Global">
<kw name="Wait Until Element Is Visible" library="Selenium2Library">
<doc>Waits until element ``locator`` is visible.</doc>
<arguments>
<arg>${bouton_inscrire_seconnecter}</arg>
<arg>30</arg>
</arguments>
<status status="PASS" starttime="20230829 16:08:02.909" endtime="20230829 16:08:02.975"></status>
</kw>
<status status="PASS" starttime="20230829 16:08:02.908" endtime="20230829 16:08:02.975"></status>
</kw>
<kw name="Cliquez sur le bouton 'Inscription / Connexion'" library="Fuction_Global">
<kw name="Click Link" library="Selenium2Library">
<doc>Clicks a link identified by ``locator``.</doc>
<arguments>
<arg>${bouton_inscrire_seconnecter}</arg>
</arguments>
<msg timestamp="20230829 16:08:02.977" level="INFO">Clicking link '//A[@href="/login"]'.</msg>
<status status="PASS" starttime="20230829 16:08:02.977" endtime="20230829 16:08:04.086"></status>
</kw>
<status status="PASS" starttime="20230829 16:08:02.976" endtime="20230829 16:08:04.088"></status>
</kw>
<kw name="Vérifiez que &quot;Connexion à votre compte&quot; est visible" library="Fuction_Global">
<kw name="Wait Until Element Is Visible" library="Selenium2Library">
<doc>Waits until element ``locator`` is visible.</doc>
<arguments>
<arg>${visibilite_Connexion_compte}</arg>
</arguments>
<status status="PASS" starttime="20230829 16:08:04.090" endtime="20230829 16:08:04.150"></status>
</kw>
<status status="PASS" starttime="20230829 16:08:04.089" endtime="20230829 16:08:04.151"></status>
</kw>
<kw name="Entrez l'adresse e-mail et le mot de passe corrects" library="Fuction_Global">
<kw name="Input Text" library="Selenium2Library">
<doc>Types the given ``text`` into text field identified by ``locator``.</doc>
<arguments>
<arg>${email_inscription_xpth}</arg>
<arg>${email_inscription_valide_global}</arg>
</arguments>
<msg timestamp="20230829 16:08:04.153" level="INFO">Typing text 'daoudchaouch@gmail.com' into text field '(//input[@name="email"])[1]'.</msg>
<status status="PASS" starttime="20230829 16:08:04.153" endtime="20230829 16:08:04.404"></status>
</kw>
<kw name="Input Text" library="Selenium2Library">
<doc>Types the given ``text`` into text field identified by ``locator``.</doc>
<arguments>
<arg>${password_inscription_xpth}</arg>
<arg>${password_inscription_valide_global}</arg>
</arguments>
<msg timestamp="20230829 16:08:04.405" level="INFO">Typing text 'DavidSofrecom' into text field '(//input[@name="password"])[1]'.</msg>
<status status="PASS" starttime="20230829 16:08:04.404" endtime="20230829 16:08:04.526"></status>
</kw>
<status status="PASS" starttime="20230829 16:08:04.152" endtime="20230829 16:08:04.527"></status>
</kw>
<kw name="Cliquez sur le_bouton &quot;Connexion&quot;" library="Fuction_Global">
<kw name="Click Button" library="Selenium2Library">
<doc>Clicks button identified by ``locator``.</doc>
<arguments>
<arg>${bouton_login_xpth}</arg>
</arguments>
<msg timestamp="20230829 16:08:04.530" level="INFO">Clicking button '(//button[@class="btn btn-default"])[1]'.</msg>
<status status="PASS" starttime="20230829 16:08:04.528" endtime="20230829 16:08:30.859"></status>
</kw>
<status status="PASS" starttime="20230829 16:08:04.527" endtime="20230829 16:08:30.860"></status>
</kw>
<kw name="Vérifiez que &quot;Connecté en tant que nom d'utilisateur&quot; est visib" library="Fuction_Global">
<kw name="Wait Until Element Is Visible" library="Selenium2Library">
<doc>Waits until element ``locator`` is visible.</doc>
<arguments>
<arg>${verification_visibilite_compte_cree}</arg>
</arguments>
<kw name="Capture Page Screenshot" library="Selenium2Library">
<doc>Takes screenshot of the current page and embeds it into log file.</doc>
<msg timestamp="20230829 16:08:30.958" level="FAIL">NoSuchWindowException: Message: no such window: target window already closed
from unknown error: web view not found
  (Session info: chrome=116.0.5845.111)
</msg>
<status status="FAIL" starttime="20230829 16:08:30.920" endtime="20230829 16:08:30.964"></status>
</kw>
<msg timestamp="20230829 16:08:30.965" level="WARN">Keyword 'Capture Page Screenshot' could not be run on failure: NoSuchWindowException: Message: no such window: target window already closed
from unknown error: web view not found
  (Session info: chrome=116.0.5845.111)
</msg>
<msg timestamp="20230829 16:08:30.995" level="FAIL">NoSuchWindowException: Message: no such window: target window already closed
from unknown error: web view not found
  (Session info: chrome=116.0.5845.111)
</msg>
<status status="FAIL" starttime="20230829 16:08:30.887" endtime="20230829 16:08:30.995"></status>
</kw>
<status status="FAIL" starttime="20230829 16:08:30.886" endtime="20230829 16:08:30.998"></status>
</kw>
<status status="FAIL" starttime="20230829 16:06:56.115" endtime="20230829 16:08:31.000" critical="yes">NoSuchWindowException: Message: no such window: target window already closed
from unknown error: web view not found
  (Session info: chrome=116.0.5845.111)
</status>
</test>
<status status="FAIL" starttime="20230829 16:06:54.928" endtime="20230829 16:08:31.011"></status>
</suite>
<statistics>
<total>
<stat pass="0" fail="1">Critical Tests</stat>
<stat pass="0" fail="1">All Tests</stat>
</total>
<tag>
</tag>
<suite>
<stat pass="0" fail="1" id="s1" name="TC4 Déconnecter Utilisateur">TC4 Déconnecter Utilisateur</stat>
</suite>
</statistics>
<errors>
<msg timestamp="20230829 16:08:30.965" level="WARN">Keyword 'Capture Page Screenshot' could not be run on failure: NoSuchWindowException: Message: no such window: target window already closed
from unknown error: web view not found
  (Session info: chrome=116.0.5845.111)
</msg>
</errors>
</robot>
